<?xml version="1.0" encoding="UTF-8"?>
<!-- Generated by org.testng.reporters.JUnitXMLReporter -->
<testsuite hostname="SQELabs" ignored="0" name="Default test(failed)" tests="9" failures="0" timestamp="27 Nov 2018 04:15:55 GMT" time="0.328" errors="0">
  <testcase name="@BeforeClass Login" time="0.0" classname="Re_usable.Sauce_Instance_Login_Test">
    <failure type="org.testng.TestNGException" message="
Parameter &amp;apos;userId&amp;apos; is required by BeforeClass on method Login but has not been marked @Optional or defined
in D:\A_Projects\M_Utility\test-output\testng-failed.xml">
      <![CDATA[org.testng.TestNGException: Parameter 'userId' is required by BeforeClass on method Login but has not been marked @Optional or definedin D:\A_Projects\M_Utility\test-output\testng-failed.xml... Removed 23 stack frames]]>
    </failure>
  </testcase> <!-- @BeforeClass Login -->
  <testcase name="@AfterClass logout" time="0.0" classname="Re_usable.Sauce_Instance_Login_Test">
    <skipped/>
  </testcase> <!-- @AfterClass logout -->
  <testcase name="CustomerAndService" time="0.0" classname="BillRunFirst.ElectrImportSetupTools">
    <skipped/>
  </testcase> <!-- CustomerAndService -->
  <testcase name="importMeterNumberImport" time="0.0" classname="BillRunFirst.ElectrImportSetupTools">
    <skipped/>
  </testcase> <!-- importMeterNumberImport -->
  <testcase name="importManualRecurringCharge" time="0.0" classname="BillRunFirst.ElectrImportSetupTools">
    <skipped/>
  </testcase> <!-- importManualRecurringCharge -->
  <testcase name="importManualOnceOffCharges" time="0.0" classname="BillRunFirst.ElectrImportSetupTools">
    <skipped/>
  </testcase> <!-- importManualOnceOffCharges -->
  <testcase name="importdemandReads" time="0.0" classname="BillRunFirst.ElectrImportSetupTools">
    <skipped/>
  </testcase> <!-- importdemandReads -->
  <testcase name="Prorated_Tariff" time="0.0" classname="BillRunFirst.ElectrImportSetupTools">
    <skipped/>
  </testcase> <!-- Prorated_Tariff -->
  <testcase name="importSecurityDepositImport" time="0.0" classname="BillRunFirst.ElectrImportSetupTools">
    <skipped/>
  </testcase> <!-- importSecurityDepositImport -->
  <testcase name="importPayment" time="0.0" classname="BillRunFirst.ElectrImportSetupTools">
    <skipped/>
  </testcase> <!-- importPayment -->
  <testcase name="RatePlanImport" time="0.0" classname="BillRunFirst.ElectrImportSetupTools">
    <skipped/>
  </testcase> <!-- RatePlanImport -->
</testsuite> <!-- Default test(failed) -->
