<?xml version="1.0" encoding="UTF-8"?>
<testng-results skipped="1" failed="0" ignored="0" total="5" passed="4">
  <reporter-output>
  </reporter-output>
  <suite name="Suite" duration-ms="132714" started-at="2022-01-14T11:09:29Z" finished-at="2022-01-14T11:11:42Z">
    <groups>
    </groups>
    <test name="Test" duration-ms="132714" started-at="2022-01-14T11:09:29Z" finished-at="2022-01-14T11:11:42Z">
      <class name="com.Utility.Bill.BillRunFirst.ElectAccountCreation_test">
        <test-method status="PASS" signature="Open_Browser(java.lang.String)[pri:0, instance:com.Utility.Bill.BillRunFirst.ElectAccountCreation_test@527740a2]" name="Open_Browser" is-config="true" duration-ms="14718" started-at="2022-01-14T11:09:29Z" finished-at="2022-01-14T11:09:44Z">
          <params>
            <param index="0">
              <value>
                <![CDATA[https://utbr8.utilibill.com.au/billing/]]>
              </value>
            </param>
          </params>
          <reporter-output>
          </reporter-output>
        </test-method> <!-- Open_Browser -->
        <test-method status="SKIP" signature="signUpForm()[pri:1, instance:com.Utility.Bill.BillRunFirst.ElectAccountCreation_test@527740a2]" name="signUpForm" duration-ms="15" started-at="2022-01-14T11:09:44Z" finished-at="2022-01-14T11:09:44Z">
          <exception class="org.testng.SkipException">
            <message>
              <![CDATA[Testing skip due to already provided credentials.]]>
            </message>
            <full-stacktrace>
              <![CDATA[org.testng.SkipException: Testing skip due to already provided credentials.
at com.Utility.Bill.BillRunFirst.ElectAccountCreation_test.signUpForm(ElectAccountCreation_test.java:49)
at sun.reflect.NativeMethodAccessorImpl.invoke0(Native Method)
at sun.reflect.NativeMethodAccessorImpl.invoke(NativeMethodAccessorImpl.java:62)
at sun.reflect.DelegatingMethodAccessorImpl.invoke(DelegatingMethodAccessorImpl.java:43)
at java.lang.reflect.Method.invoke(Method.java:498)
at org.testng.internal.MethodInvocationHelper.invokeMethod(MethodInvocationHelper.java:124)
at org.testng.internal.Invoker.invokeMethod(Invoker.java:583)
at org.testng.internal.Invoker.invokeTestMethod(Invoker.java:719)
at org.testng.internal.Invoker.invokeTestMethods(Invoker.java:989)
at org.testng.internal.TestMethodWorker.invokeTestMethods(TestMethodWorker.java:125)
at org.testng.internal.TestMethodWorker.run(TestMethodWorker.java:109)
at org.testng.TestRunner.privateRun(TestRunner.java:648)
at org.testng.TestRunner.run(TestRunner.java:505)
at org.testng.SuiteRunner.runTest(SuiteRunner.java:455)
at org.testng.SuiteRunner.runSequentially(SuiteRunner.java:450)
at org.testng.SuiteRunner.privateRun(SuiteRunner.java:415)
at org.testng.SuiteRunner.run(SuiteRunner.java:364)
at org.testng.SuiteRunnerWorker.runSuite(SuiteRunnerWorker.java:52)
at org.testng.SuiteRunnerWorker.run(SuiteRunnerWorker.java:84)
at org.testng.TestNG.runSuitesSequentially(TestNG.java:1208)
at org.testng.TestNG.runSuitesLocally(TestNG.java:1137)
at org.testng.TestNG.runSuites(TestNG.java:1049)
at org.testng.TestNG.run(TestNG.java:1017)
at org.testng.remote.AbstractRemoteTestNG.run(AbstractRemoteTestNG.java:114)
at org.testng.remote.RemoteTestNG.initAndRun(RemoteTestNG.java:251)
at org.testng.remote.RemoteTestNG.main(RemoteTestNG.java:77)
]]>
            </full-stacktrace>
          </exception> <!-- org.testng.SkipException -->
          <reporter-output>
          </reporter-output>
        </test-method> <!-- signUpForm -->
        <test-method status="PASS" signature="login(java.lang.String)[pri:2, instance:com.Utility.Bill.BillRunFirst.ElectAccountCreation_test@527740a2]" name="login" duration-ms="13412" started-at="2022-01-14T11:09:44Z" finished-at="2022-01-14T11:09:57Z">
          <params>
            <param index="0">
              <value>
                <![CDATA[utbr8billing1481@yopmail.com]]>
              </value>
            </param>
          </params>
          <reporter-output>
          </reporter-output>
        </test-method> <!-- login -->
        <test-method status="PASS" signature="changePassword()[pri:3, instance:com.Utility.Bill.BillRunFirst.ElectAccountCreation_test@527740a2]" name="changePassword" duration-ms="10953" started-at="2022-01-14T11:09:57Z" finished-at="2022-01-14T11:10:08Z">
          <reporter-output>
          </reporter-output>
        </test-method> <!-- changePassword -->
        <test-method status="PASS" signature="editGroup()[pri:4, instance:com.Utility.Bill.BillRunFirst.ElectAccountCreation_test@527740a2]" name="editGroup" duration-ms="68636" started-at="2022-01-14T11:10:08Z" finished-at="2022-01-14T11:11:17Z">
          <reporter-output>
          </reporter-output>
        </test-method> <!-- editGroup -->
        <test-method status="PASS" signature="locale_settings()[pri:5, instance:com.Utility.Bill.BillRunFirst.ElectAccountCreation_test@527740a2]" name="locale_settings" duration-ms="24869" started-at="2022-01-14T11:11:17Z" finished-at="2022-01-14T11:11:42Z">
          <reporter-output>
          </reporter-output>
        </test-method> <!-- locale_settings -->
      </class> <!-- com.Utility.Bill.BillRunFirst.ElectAccountCreation_test -->
    </test> <!-- Test -->
  </suite> <!-- Suite -->
</testng-results>
