<?xml version="1.0" encoding="UTF-8"?>
<!-- Generated by org.testng.reporters.JUnitXMLReporter -->
<testsuite hostname="HPENVY" ignored="0" name="Test" tests="5" failures="0" timestamp="14 Jan 2022 11:11:42 GMT" time="132.714" errors="0">
  <testcase name="signUpForm" time="0.015" classname="com.Utility.Bill.BillRunFirst.ElectAccountCreation_test">
    <skipped/>
  </testcase> <!-- signUpForm -->
  <testcase name="login" time="13.412" classname="com.Utility.Bill.BillRunFirst.ElectAccountCreation_test"/>
  <testcase name="changePassword" time="10.953" classname="com.Utility.Bill.BillRunFirst.ElectAccountCreation_test"/>
  <testcase name="editGroup" time="68.636" classname="com.Utility.Bill.BillRunFirst.ElectAccountCreation_test"/>
  <testcase name="locale_settings" time="24.869" classname="com.Utility.Bill.BillRunFirst.ElectAccountCreation_test"/>
</testsuite> <!-- Test -->
